<?xml version="1.0" encoding="UTF-8"?>
<!-- Generated by org.testng.reporters.JUnitXMLReporter -->
<testsuite ignored="0" hostname="IN-PG02NMXP" failures="0" tests="3" name="Test" time="0.094" errors="0" timestamp="2023-08-08T11:44:38 IST">
  <testcase classname="com.nagarro.test.TestClass" name="TestCase1" time="0.016"/>
  <testcase classname="com.nagarro.test.TestClass" name="TestCase2" time="0.015"/>
  <testcase classname="com.nagarro.test.TestClass" name="TestCase3" time="0.0"/>
</testsuite> <!-- Test -->
