<?xml version="1.0" encoding="UTF-8"?>
<!-- Generated by org.testng.reporters.JUnitXMLReporter -->
<testsuite ignored="0" hostname="IN-PG02NMXP" failures="0" tests="3" name="Test" time="0.149" errors="0" timestamp="2023-08-09T12:02:55 IST">
  <testcase classname="com.nagarro.test.TestClass" name="TestCase1" time="0.02"/>
  <testcase classname="com.nagarro.test.TestClass" name="TestCase2" time="0.0"/>
  <testcase classname="com.nagarro.test.TestClass" name="TestCase3" time="0.0"/>
</testsuite> <!-- Test -->
