<?xml version="1.0" encoding="UTF-8"?>
<testng-results ignored="0" total="3" passed="3" failed="0" skipped="0">
  <reporter-output>
  </reporter-output>
  <suite started-at="2023-08-09T12:02:55 IST" name="Suite" finished-at="2023-08-09T12:02:55 IST" duration-ms="149">
    <groups>
    </groups>
    <test started-at="2023-08-09T12:02:55 IST" name="Test" finished-at="2023-08-09T12:02:55 IST" duration-ms="149">
      <class name="com.nagarro.test.TestClass">
        <test-method signature="TestCase1()[pri:0, instance:com.nagarro.test.TestClass@7997b197]" started-at="2023-08-09T12:02:55 IST" name="TestCase1" finished-at="2023-08-09T12:02:55 IST" duration-ms="20" status="PASS">
          <reporter-output>
          </reporter-output>
        </test-method> <!-- TestCase1 -->
        <test-method signature="TestCase2()[pri:0, instance:com.nagarro.test.TestClass@7997b197]" started-at="2023-08-09T12:02:55 IST" name="TestCase2" finished-at="2023-08-09T12:02:55 IST" duration-ms="0" status="PASS">
          <reporter-output>
          </reporter-output>
        </test-method> <!-- TestCase2 -->
        <test-method signature="TestCase3()[pri:0, instance:com.nagarro.test.TestClass@7997b197]" started-at="2023-08-09T12:02:55 IST" name="TestCase3" finished-at="2023-08-09T12:02:55 IST" duration-ms="0" status="PASS">
          <reporter-output>
          </reporter-output>
        </test-method> <!-- TestCase3 -->
      </class> <!-- com.nagarro.test.TestClass -->
    </test> <!-- Test -->
  </suite> <!-- Suite -->
</testng-results>
