<?xml version="1.0" encoding="UTF-8"?>
<testng-results ignored="0" total="2" passed="2" failed="0" skipped="0">
  <reporter-output>
  </reporter-output>
  <suite started-at="2023-08-01T22:39:44 IST" name="Suite" finished-at="2023-08-01T22:39:44 IST" duration-ms="53">
    <groups>
    </groups>
    <test started-at="2023-08-01T22:39:44 IST" name="Test" finished-at="2023-08-01T22:39:44 IST" duration-ms="53">
      <class name="com.nagarro.test.TestClass">
        <test-method signature="TestCase1()[pri:0, instance:com.nagarro.test.TestClass@17497425]" started-at="2023-08-01T22:39:44 IST" name="TestCase1" finished-at="2023-08-01T22:39:44 IST" duration-ms="9" status="PASS">
          <reporter-output>
          </reporter-output>
        </test-method> <!-- TestCase1 -->
        <test-method signature="TestCase2()[pri:0, instance:com.nagarro.test.TestClass@17497425]" started-at="2023-08-01T22:39:44 IST" name="TestCase2" finished-at="2023-08-01T22:39:44 IST" duration-ms="2" status="PASS">
          <reporter-output>
          </reporter-output>
        </test-method> <!-- TestCase2 -->
      </class> <!-- com.nagarro.test.TestClass -->
    </test> <!-- Test -->
  </suite> <!-- Suite -->
</testng-results>
